
/home/runner/work/exp-basics-output-components-dei/exp-basics-output-components-dei/experiment/simulation/7segment/src/js/main.js
   3:10  warning  'changePower' is defined but never used  no-unused-vars
  22:10  warning  'changeImage' is defined but never used  no-unused-vars

/home/runner/work/exp-basics-output-components-dei/exp-basics-output-components-dei/experiment/simulation/buzzer/src/js/buzzer.js
   7:10  warning  'changePower' is defined but never used        no-unused-vars
  36:10  warning  'changeBuzzerImage' is defined but never used  no-unused-vars
  49:10  warning  'togglePlay' is defined but never used         no-unused-vars

/home/runner/work/exp-basics-output-components-dei/exp-basics-output-components-dei/experiment/simulation/buzzer/src/js/main.js
   3:10  warning  'changePower' is defined but never used     no-unused-vars
  19:10  warning  'changeImage' is defined but never used     no-unused-vars
  30:10  warning  'changeLedColor' is defined but never used  no-unused-vars

/home/runner/work/exp-basics-output-components-dei/exp-basics-output-components-dei/experiment/simulation/lcd/src/js/main.js
   3:10  warning  'changePower' is defined but never used  no-unused-vars
  23:10  warning  'changeImage' is defined but never used  no-unused-vars

/home/runner/work/exp-basics-output-components-dei/exp-basics-output-components-dei/experiment/simulation/oled/src/js/main.js
   3:10  warning  'changePower' is defined but never used  no-unused-vars
  23:10  warning  'changeImage' is defined but never used  no-unused-vars

/home/runner/work/exp-basics-output-components-dei/exp-basics-output-components-dei/experiment/simulation/rgb/src/js/main.js
   3:10  warning  'changePower' is defined but never used  no-unused-vars
  23:10  warning  'changeImage' is defined but never used  no-unused-vars

✖ 14 problems (0 errors, 14 warnings)

